2020-05-31 20:17:43,239 [Worker-6: Loading available Gradle versions] INFO  o.e.b.c.i.u.g.PublishedGradleVersions - Gradle version information cache is up-to-date. Trying to read.
2020-05-31 20:18:10,576 [Worker-26: Building] INFO  o.e.m.c.i.l.LifecycleMappingFactory - Using org.maven.ide.eclipse.wtp.WarLifecycleMapping lifecycle mapping for MavenProject: ItaloChagasRM82198Client:ItaloChagasRM82198Client:0.0.1-SNAPSHOT @ C:\Users\Italo\Desktop\Restfull\NAC_Digital_Business_Enablement\ItaloChagasRM82198Client\pom.xml.
2020-05-31 20:18:12,826 [Worker-26: Building] WARN  o.e.m.c.i.embedder.EclipseLogger - Using platform encoding (Cp1252 actually) to copy filtered resources, i.e. build is platform dependent!
2020-05-31 20:18:12,831 [Worker-26: Building] INFO  o.e.m.c.i.embedder.EclipseLogger - skip non existing resourceDirectory C:\Users\Italo\Desktop\Restfull\NAC_Digital_Business_Enablement\ItaloChagasRM82198Client\src\main\resources
2020-05-31 20:18:12,832 [Worker-26: Building] WARN  o.e.m.c.i.embedder.EclipseLogger - Using platform encoding (Cp1252 actually) to copy filtered resources, i.e. build is platform dependent!
2020-05-31 20:18:12,837 [Worker-26: Building] INFO  o.e.m.c.i.embedder.EclipseLogger - skip non existing resourceDirectory C:\Users\Italo\Desktop\Restfull\NAC_Digital_Business_Enablement\ItaloChagasRM82198Client\src\test\resources
2020-05-31 20:18:13,399 [Worker-11: Building] WARN  o.e.m.c.i.embedder.EclipseLogger - Using platform encoding (Cp1252 actually) to copy filtered resources, i.e. build is platform dependent!
2020-05-31 20:18:13,406 [Worker-11: Building] INFO  o.e.m.c.i.embedder.EclipseLogger - skip non existing resourceDirectory C:\Users\Italo\Desktop\Restfull\NAC_Digital_Business_Enablement\ItaloChagasRM82198Client\src\main\resources
2020-05-31 20:18:13,408 [Worker-11: Building] WARN  o.e.m.c.i.embedder.EclipseLogger - Using platform encoding (Cp1252 actually) to copy filtered resources, i.e. build is platform dependent!
2020-05-31 20:18:13,414 [Worker-11: Building] INFO  o.e.m.c.i.embedder.EclipseLogger - skip non existing resourceDirectory C:\Users\Italo\Desktop\Restfull\NAC_Digital_Business_Enablement\ItaloChagasRM82198Client\src\test\resources
2020-05-31 20:18:13,604 [Worker-11: Building] INFO  o.e.m.c.i.l.LifecycleMappingFactory - Using org.maven.ide.eclipse.wtp.WarLifecycleMapping lifecycle mapping for MavenProject: ItaloChagasRM82198Server:ItaloChagasRM82198Server:0.0.1-SNAPSHOT @ C:\Users\Italo\Desktop\Restfull\NAC_Digital_Business_Enablement\ItaloChagasRM82198Server\pom.xml.
2020-05-31 20:18:14,345 [Worker-11: Building] WARN  o.e.m.c.i.embedder.EclipseLogger - Using platform encoding (Cp1252 actually) to copy filtered resources, i.e. build is platform dependent!
2020-05-31 20:18:14,350 [Worker-11: Building] INFO  o.e.m.c.i.embedder.EclipseLogger - skip non existing resourceDirectory C:\Users\Italo\Desktop\Restfull\NAC_Digital_Business_Enablement\ItaloChagasRM82198Server\src\main\resources
2020-05-31 20:18:14,352 [Worker-11: Building] WARN  o.e.m.c.i.embedder.EclipseLogger - Using platform encoding (Cp1252 actually) to copy filtered resources, i.e. build is platform dependent!
2020-05-31 20:18:14,358 [Worker-11: Building] INFO  o.e.m.c.i.embedder.EclipseLogger - skip non existing resourceDirectory C:\Users\Italo\Desktop\Restfull\NAC_Digital_Business_Enablement\ItaloChagasRM82198Server\src\test\resources
2020-05-31 20:18:15,685 [Worker-26: Building] WARN  o.e.m.c.i.embedder.EclipseLogger - Using platform encoding (Cp1252 actually) to copy filtered resources, i.e. build is platform dependent!
2020-05-31 20:18:15,692 [Worker-26: Building] INFO  o.e.m.c.i.embedder.EclipseLogger - skip non existing resourceDirectory C:\Users\Italo\Desktop\Restfull\NAC_Digital_Business_Enablement\ItaloChagasRM82198Server\src\main\resources
2020-05-31 20:18:15,694 [Worker-26: Building] WARN  o.e.m.c.i.embedder.EclipseLogger - Using platform encoding (Cp1252 actually) to copy filtered resources, i.e. build is platform dependent!
2020-05-31 20:18:15,700 [Worker-26: Building] INFO  o.e.m.c.i.embedder.EclipseLogger - skip non existing resourceDirectory C:\Users\Italo\Desktop\Restfull\NAC_Digital_Business_Enablement\ItaloChagasRM82198Server\src\test\resources
2020-05-31 20:18:36,054 [Worker-0: Building] WARN  o.e.m.c.i.embedder.EclipseLogger - Using platform encoding (Cp1252 actually) to copy filtered resources, i.e. build is platform dependent!
2020-05-31 20:18:36,066 [Worker-0: Building] INFO  o.e.m.c.i.embedder.EclipseLogger - skip non existing resourceDirectory C:\Users\Italo\Desktop\Restfull\NAC_Digital_Business_Enablement\ItaloChagasRM82198Client\src\main\resources
2020-05-31 20:18:36,068 [Worker-0: Building] WARN  o.e.m.c.i.embedder.EclipseLogger - Using platform encoding (Cp1252 actually) to copy filtered resources, i.e. build is platform dependent!
2020-05-31 20:18:36,079 [Worker-0: Building] INFO  o.e.m.c.i.embedder.EclipseLogger - skip non existing resourceDirectory C:\Users\Italo\Desktop\Restfull\NAC_Digital_Business_Enablement\ItaloChagasRM82198Client\src\test\resources
2020-05-31 20:19:28,942 [Worker-11: Building] WARN  o.e.m.c.i.embedder.EclipseLogger - Using platform encoding (Cp1252 actually) to copy filtered resources, i.e. build is platform dependent!
2020-05-31 20:19:28,950 [Worker-11: Building] INFO  o.e.m.c.i.embedder.EclipseLogger - skip non existing resourceDirectory C:\Users\Italo\Desktop\Restfull\NAC_Digital_Business_Enablement\ItaloChagasRM82198Server\src\main\resources
2020-05-31 20:19:28,951 [Worker-11: Building] WARN  o.e.m.c.i.embedder.EclipseLogger - Using platform encoding (Cp1252 actually) to copy filtered resources, i.e. build is platform dependent!
2020-05-31 20:19:28,958 [Worker-11: Building] INFO  o.e.m.c.i.embedder.EclipseLogger - skip non existing resourceDirectory C:\Users\Italo\Desktop\Restfull\NAC_Digital_Business_Enablement\ItaloChagasRM82198Server\src\test\resources
2020-05-31 20:26:20,569 [Worker-2: Loading available Gradle versions] INFO  o.e.b.c.i.u.g.PublishedGradleVersions - Gradle version information cache is up-to-date. Trying to read.
2020-05-31 20:26:25,410 [Worker-9: Building] WARN  o.e.m.c.i.embedder.EclipseLogger - Using platform encoding (Cp1252 actually) to copy filtered resources, i.e. build is platform dependent!
2020-05-31 20:26:25,416 [Worker-9: Building] INFO  o.e.m.c.i.embedder.EclipseLogger - skip non existing resourceDirectory C:\Users\Italo\Desktop\Restfull\NAC_Digital_Business_Enablement\ItaloChagasRM82198Client\src\main\resources
2020-05-31 20:26:25,418 [Worker-9: Building] WARN  o.e.m.c.i.embedder.EclipseLogger - Using platform encoding (Cp1252 actually) to copy filtered resources, i.e. build is platform dependent!
2020-05-31 20:26:25,425 [Worker-9: Building] INFO  o.e.m.c.i.embedder.EclipseLogger - skip non existing resourceDirectory C:\Users\Italo\Desktop\Restfull\NAC_Digital_Business_Enablement\ItaloChagasRM82198Client\src\test\resources
2020-05-31 20:26:25,956 [Worker-9: Building] WARN  o.e.m.c.i.embedder.EclipseLogger - Using platform encoding (Cp1252 actually) to copy filtered resources, i.e. build is platform dependent!
2020-05-31 20:26:25,961 [Worker-9: Building] INFO  o.e.m.c.i.embedder.EclipseLogger - skip non existing resourceDirectory C:\Users\Italo\Desktop\Restfull\NAC_Digital_Business_Enablement\ItaloChagasRM82198Server\src\main\resources
2020-05-31 20:26:25,962 [Worker-9: Building] WARN  o.e.m.c.i.embedder.EclipseLogger - Using platform encoding (Cp1252 actually) to copy filtered resources, i.e. build is platform dependent!
2020-05-31 20:26:25,969 [Worker-9: Building] INFO  o.e.m.c.i.embedder.EclipseLogger - skip non existing resourceDirectory C:\Users\Italo\Desktop\Restfull\NAC_Digital_Business_Enablement\ItaloChagasRM82198Server\src\test\resources
2020-05-31 20:26:33,377 [Worker-11: Building] WARN  o.e.m.c.i.embedder.EclipseLogger - Using platform encoding (Cp1252 actually) to copy filtered resources, i.e. build is platform dependent!
2020-05-31 20:26:33,383 [Worker-11: Building] INFO  o.e.m.c.i.embedder.EclipseLogger - skip non existing resourceDirectory C:\Users\Italo\Desktop\Restfull\NAC_Digital_Business_Enablement\ItaloChagasRM82198Client\src\main\resources
2020-05-31 20:26:33,384 [Worker-11: Building] WARN  o.e.m.c.i.embedder.EclipseLogger - Using platform encoding (Cp1252 actually) to copy filtered resources, i.e. build is platform dependent!
2020-05-31 20:26:33,389 [Worker-11: Building] INFO  o.e.m.c.i.embedder.EclipseLogger - skip non existing resourceDirectory C:\Users\Italo\Desktop\Restfull\NAC_Digital_Business_Enablement\ItaloChagasRM82198Client\src\test\resources
2020-05-31 20:26:34,411 [Worker-18: Building] WARN  o.e.m.c.i.embedder.EclipseLogger - Using platform encoding (Cp1252 actually) to copy filtered resources, i.e. build is platform dependent!
2020-05-31 20:26:34,416 [Worker-18: Building] INFO  o.e.m.c.i.embedder.EclipseLogger - skip non existing resourceDirectory C:\Users\Italo\Desktop\Restfull\NAC_Digital_Business_Enablement\ItaloChagasRM82198Client\src\main\resources
2020-05-31 20:26:34,417 [Worker-18: Building] WARN  o.e.m.c.i.embedder.EclipseLogger - Using platform encoding (Cp1252 actually) to copy filtered resources, i.e. build is platform dependent!
2020-05-31 20:26:34,421 [Worker-18: Building] INFO  o.e.m.c.i.embedder.EclipseLogger - skip non existing resourceDirectory C:\Users\Italo\Desktop\Restfull\NAC_Digital_Business_Enablement\ItaloChagasRM82198Client\src\test\resources
2020-05-31 20:26:54,463 [Worker-4: Building] WARN  o.e.m.c.i.embedder.EclipseLogger - Using platform encoding (Cp1252 actually) to copy filtered resources, i.e. build is platform dependent!
2020-05-31 20:26:54,471 [Worker-4: Building] INFO  o.e.m.c.i.embedder.EclipseLogger - skip non existing resourceDirectory C:\Users\Italo\Desktop\Restfull\NAC_Digital_Business_Enablement\ItaloChagasRM82198Client\src\main\resources
2020-05-31 20:26:54,472 [Worker-4: Building] WARN  o.e.m.c.i.embedder.EclipseLogger - Using platform encoding (Cp1252 actually) to copy filtered resources, i.e. build is platform dependent!
2020-05-31 20:26:54,478 [Worker-4: Building] INFO  o.e.m.c.i.embedder.EclipseLogger - skip non existing resourceDirectory C:\Users\Italo\Desktop\Restfull\NAC_Digital_Business_Enablement\ItaloChagasRM82198Client\src\test\resources
2020-05-31 20:29:52,814 [Worker-29: Building] WARN  o.e.m.c.i.embedder.EclipseLogger - Using platform encoding (Cp1252 actually) to copy filtered resources, i.e. build is platform dependent!
2020-05-31 20:29:52,827 [Worker-29: Building] INFO  o.e.m.c.i.embedder.EclipseLogger - skip non existing resourceDirectory C:\Users\Italo\Desktop\Restfull\NAC_Digital_Business_Enablement\ItaloChagasRM82198Client\src\main\resources
2020-05-31 20:29:52,829 [Worker-29: Building] WARN  o.e.m.c.i.embedder.EclipseLogger - Using platform encoding (Cp1252 actually) to copy filtered resources, i.e. build is platform dependent!
2020-05-31 20:29:52,841 [Worker-29: Building] INFO  o.e.m.c.i.embedder.EclipseLogger - skip non existing resourceDirectory C:\Users\Italo\Desktop\Restfull\NAC_Digital_Business_Enablement\ItaloChagasRM82198Client\src\test\resources
